<?xml version="1.0" encoding="UTF-8"?>
<!-- Generated by org.testng.reporters.JUnitReportReporter -->
<testsuite skipped="0" hostname="DESKTOP-M5VT8AP" name="com.testcases.Loginapplication" tests="1" failures="0" timestamp="2021-08-11T10:31:35 IST" time="32.094" errors="0">
  <testcase name="Login" time="32.094" classname="com.testcases.Loginapplication"/>
  <system-out/>
</testsuite> <!-- com.testcases.Loginapplication -->
